2025-03-28 14:17:16,024 - INFO - \U0001f4c2 Monitoraggio file: \\san\MultiUser$\Gestione Monitor UI\Ginosa\orari.json
2025-03-28 14:17:21,161 - ERROR - Il file JSON non esiste.
2025-03-28 14:17:21,162 - ERROR - \u274c Orari non validi.
2025-03-28 14:17:31,645 - INFO - \U0001f4c2 Monitoraggio file: \\san\MultiUser$\Gestione Monitor UI\Ginosa\orari.json
2025-03-28 14:17:31,646 - ERROR - Il file JSON non esiste.
2025-03-28 14:17:31,646 - ERROR - \u274c Orari non validi.
2025-03-28 14:17:47,114 - INFO - \U0001f4c2 Monitoraggio file: \\san\MultiUser$\Gestione Monitor UI\Ginosa\orari.json
2025-03-28 14:17:47,115 - ERROR - Il file JSON non esiste.
2025-03-28 14:17:47,115 - ERROR - \u274c Orari non validi.
2025-03-28 14:18:28,570 - INFO - \U0001f4c2 Monitoraggio file: \\san\MultiUser$\Gestione Monitor UI\Ginosa\orari.json
2025-03-28 14:18:41,107 - ERROR - Il file JSON non esiste.
2025-03-28 14:18:58,059 - ERROR - \u274c Orari non validi.
2025-03-28 14:20:03,860 - INFO - \U0001f4c2 Monitoraggio file: \\san\MultiUser$\Gestione Monitor UI\Ginosa\orari.json
2025-03-28 14:20:20,403 - INFO - Chrome avviato con successo.
2025-03-28 14:20:22,572 - INFO - \u2705 Chrome avviato con PID 21372.
2025-03-28 14:20:30,389 - ERROR - \u274c Errore nel main: 'float' object has no attribute 'strftime'
2025-03-28 14:20:47,464 - INFO - \U0001f4c2 Monitoraggio file: \\san\MultiUser$\Gestione Monitor UI\Ginosa\orari.json
2025-03-28 14:20:52,501 - INFO - Chrome avviato con successo.
2025-03-28 14:20:52,502 - INFO - \u2705 Chrome avviato con PID 12624.
2025-03-28 14:20:52,523 - ERROR - \u274c Errore nel main: 'float' object has no attribute 'strftime'
2025-03-28 14:23:28,840 - INFO - \U0001f4c2 Monitoraggio file: \\san\MultiUser$\Gestione Monitor UI\Ginosa\orari.json
2025-03-28 14:23:33,871 - INFO - Chrome avviato con successo.
2025-03-28 14:23:33,872 - INFO - \u2705 Chrome avviato con PID 13576.
2025-03-28 14:23:33,906 - ERROR - \u274c Errore nel main: 'float' object has no attribute 'strftime'
2025-03-28 14:23:59,125 - INFO - \U0001f4c2 Monitoraggio file: \\san\MultiUser$\Gestione Monitor UI\Ginosa\orari.json
2025-03-28 14:24:04,161 - INFO - Chrome avviato con successo.
2025-03-28 14:24:04,162 - INFO - \u2705 Chrome avviato con PID 19184.
2025-03-28 14:24:44,995 - INFO - \U0001f4c2 Monitoraggio file: \\san\MultiUser$\Gestione Monitor UI\Ginosa\orari.json
2025-03-28 14:24:50,046 - INFO - Chrome avviato con successo.
2025-03-28 14:24:50,047 - INFO - \u2705 Chrome avviato con PID 29400.
2025-03-28 14:25:22,780 - INFO - \U0001f4c2 Monitoraggio file: \\san\MultiUser$\Gestione Monitor UI\Ginosa\orari.json
2025-03-28 14:25:27,804 - INFO - Chrome avviato con successo.
2025-03-28 14:25:27,804 - INFO - \u2705 Chrome avviato con PID 30332.
2025-03-28 14:26:19,668 - INFO - \U0001f4c2 Monitoraggio file: \\san\MultiUser$\Gestione Monitor UI\Ginosa\orari.json
2025-03-28 14:26:24,691 - INFO - Chrome avviato con successo.
2025-03-28 14:26:24,691 - INFO - \u2705 Chrome avviato con PID 7028.
2025-03-28 14:27:37,812 - INFO - \U0001f4c2 Monitoraggio file: \\san\MultiUser$\Gestione Monitor UI\Ginosa\orari.json
2025-03-28 14:27:42,850 - INFO - Chrome avviato con successo.
2025-03-28 14:27:42,850 - INFO - \u2705 Chrome avviato con PID 15944.
2025-03-28 14:28:50,282 - INFO - \U0001f4c2 Monitoraggio file: \\san\MultiUser$\Gestione Monitor UI\Ginosa\orari.json
2025-03-28 14:28:55,307 - INFO - Chrome avviato con successo.
2025-03-28 14:28:55,308 - INFO - \u2705 Chrome avviato con PID 20628.
2025-03-28 14:30:28,555 - INFO - \U0001f4c2 Monitoraggio file: \\san\MultiUser$\Gestione Monitor UI\Ginosa\orari.json
2025-03-28 14:30:33,600 - INFO - Chrome avviato con successo.
2025-03-28 14:30:33,601 - INFO - \u2705 Chrome avviato con PID 29180.
2025-03-28 14:30:56,981 - INFO - \U0001f4c2 Monitoraggio file: \\san\MultiUser$\Gestione Monitor UI\Ginosa\orari.json
2025-03-28 14:31:02,004 - INFO - Chrome avviato con successo.
2025-03-28 14:31:02,004 - INFO - \u2705 Chrome avviato con PID 22184.
2025-03-28 14:31:40,581 - INFO - \U0001f4c2 Monitoraggio file: \\san\MultiUser$\Gestione Monitor UI\Ginosa\orari.json
2025-03-28 14:31:45,667 - INFO - Chrome avviato con successo.
2025-03-28 14:31:45,668 - INFO - \u2705 Chrome avviato con PID 18784.
2025-03-28 14:31:50,685 - ERROR - \u26a0\ufe0f Errore NTP: No response received from 172.28.14.52.
2025-03-28 14:32:34,195 - INFO - \U0001f4c2 Monitoraggio file: \\san\MultiUser$\Gestione Monitor UI\Ginosa\orari.json
2025-03-28 14:32:39,228 - INFO - Chrome avviato con successo.
2025-03-28 14:32:39,229 - INFO - \u2705 Chrome avviato con PID 19960.
2025-03-28 14:33:35,707 - INFO - \U0001f4c2 Monitoraggio file: \\san\MultiUser$\Gestione Monitor UI\Ginosa\orari.json
2025-03-28 14:33:40,753 - INFO - Chrome avviato con successo.
2025-03-28 14:33:40,755 - INFO - \u2705 Chrome avviato con PID 29808.
2025-03-28 14:34:46,337 - INFO - \U0001f4c2 Monitoraggio file: \\san\MultiUser$\Gestione Monitor UI\Ginosa\orari.json
2025-03-28 14:34:51,369 - INFO - Chrome avviato con successo.
2025-03-28 14:34:51,370 - INFO - \u2705 Chrome avviato con PID 1796.
2025-03-28 14:37:16,828 - INFO - \U0001f4c2 Monitoraggio file: \\san\MultiUser$\Gestione Monitor UI\Ginosa\orari.json
2025-03-28 14:37:21,885 - INFO - Chrome avviato con successo.
2025-03-28 14:37:21,886 - INFO - \u2705 Chrome avviato con PID 30464.
2025-03-28 14:38:00,427 - INFO - \U0001f4c2 Monitoraggio file: \\san\MultiUser$\Gestione Monitor UI\Ginosa\orari.json
2025-03-28 14:38:05,462 - INFO - Chrome avviato con successo.
2025-03-28 14:38:05,463 - INFO - \u2705 Chrome avviato con PID 27092.
